app/build/outputs/logs/manifest-merger-release-report.txt
-- Merging decision tree log ---
manifest
ADDED from src/main/AndroidManifest.xml:2:1-42:12
	package
		ADDED from src/main/AndroidManifest.xml:3:2-38
		INJECTED from src/main/AndroidManifest.xml
		INJECTED from src/main/AndroidManifest.xml
	android:versionName
		ADDED from src/main/AndroidManifest.xml:5:2-29
		INJECTED from src/main/AndroidManifest.xml
		INJECTED from src/main/AndroidManifest.xml
	android:versionCode
		ADDED from src/main/AndroidManifest.xml:4:2-27
		INJECTED from src/main/AndroidManifest.xml
		INJECTED from src/main/AndroidManifest.xml
	xmlns:android
		ADDED from src/main/AndroidManifest.xml:2:11-69
	android:installLocation
		ADDED from src/main/AndroidManifest.xml:6:2-32
uses-permission#android.permission.VIBRATE
ADDED from src/main/AndroidManifest.xml:8:5-65
	android:name
		ADDED from src/main/AndroidManifest.xml:8:22-63
uses-sdk
ADDED from src/main/AndroidManifest.xml:10:2-12:37
	android:targetSdkVersion
		ADDED from src/main/AndroidManifest.xml:12:6-35
		INJECTED from src/main/AndroidManifest.xml
		INJECTED from src/main/AndroidManifest.xml
	android:minSdkVersion
		ADDED from src/main/AndroidManifest.xml:11:6-31
		INJECTED from src/main/AndroidManifest.xml
		INJECTED from src/main/AndroidManifest.xml
uses-feature#0x00020000
ADDED from src/main/AndroidManifest.xml:14:2-15:40
	android:glEsVersion
		ADDED from src/main/AndroidManifest.xml:15:6-38
supports-screens
ADDED from src/main/AndroidManifest.xml:17:2-20:35
	android:largeScreens
		ADDED from src/main/AndroidManifest.xml:20:6-33
	android:smallScreens
		ADDED from src/main/AndroidManifest.xml:18:6-34
	android:normalScreens
		ADDED from src/main/AndroidManifest.xml:19:6-34
application
ADDED from src/main/AndroidManifest.xml:23:2-38:16
	android:label
		ADDED from src/main/AndroidManifest.xml:25:3-35
	android:allowBackup
		ADDED from src/main/AndroidManifest.xml:27:3-30
	android:icon
		ADDED from src/main/AndroidManifest.xml:24:3-39
	android:theme
		ADDED from src/main/AndroidManifest.xml:26:3-67
activity#com.github.dachhack.sprout.ShatteredPixelDungeon
ADDED from src/main/AndroidManifest.xml:28:3-36:14
	android:screenOrientation
		ADDED from src/main/AndroidManifest.xml:31:4-40
	android:label
		ADDED from src/main/AndroidManifest.xml:29:4-36
	android:name
		ADDED from src/main/AndroidManifest.xml:30:4-41
intent-filter#android.intent.action.MAIN+android.intent.category.LAUNCHER
ADDED from src/main/AndroidManifest.xml:32:4-35:20
action#android.intent.action.MAIN
ADDED from src/main/AndroidManifest.xml:33:5-57
	android:name
		ADDED from src/main/AndroidManifest.xml:33:13-54
category#android.intent.category.LAUNCHER
ADDED from src/main/AndroidManifest.xml:34:5-65
	android:name
		ADDED from src/main/AndroidManifest.xml:34:15-62